[debug] [2022-09-13T13:30:20.766Z] ----------------------------------------------------------------------
[debug] [2022-09-13T13:30:20.770Z] Command:       C:\Program Files\nodejs\node.exe C:\Users\HP-PC\AppData\Roaming\npm\node_modules\firebase-tools\lib\bin\firebase.js init
[debug] [2022-09-13T13:30:20.772Z] CLI Version:   11.8.0
[debug] [2022-09-13T13:30:20.772Z] Platform:      win32
[debug] [2022-09-13T13:30:20.772Z] Node Version:  v16.13.2
[debug] [2022-09-13T13:30:20.785Z] Time:          Tue Sep 13 2022 19:00:20 GMT+0530 (India Standard Time)
[debug] [2022-09-13T13:30:20.786Z] ----------------------------------------------------------------------
[debug] 
[debug] [2022-09-13T13:30:20.793Z] >>> [apiv2][query] GET https://firebase-public.firebaseio.com/cli.json [none]
[debug] [2022-09-13T13:30:20.838Z] > command requires scopes: ["email","openid","https://www.googleapis.com/auth/cloudplatformprojects.readonly","https://www.googleapis.com/auth/firebase","https://www.googleapis.com/auth/cloud-platform"]
[debug] [2022-09-13T13:30:20.840Z] > authorizing via signed-in user (rohithegade8@gmail.com)
[info] 
     ######## #### ########  ######## ########     ###     ######  ########
     ##        ##  ##     ## ##       ##     ##  ##   ##  ##       ##
     ######    ##  ########  ######   ########  #########  ######  ######
     ##        ##  ##    ##  ##       ##     ## ##     ##       ## ##
     ##       #### ##     ## ######## ########  ##     ##  ######  ########

You're about to initialize a Firebase project in this directory:

  G:\LinkdeIn\linkdeln-clone

[debug] [2022-09-13T13:30:21.542Z] <<< [apiv2][status] GET https://firebase-public.firebaseio.com/cli.json 200
[debug] [2022-09-13T13:30:21.543Z] <<< [apiv2][body] GET https://firebase-public.firebaseio.com/cli.json {"cloudBuildErrorAfter":1594252800000,"cloudBuildWarnAfter":1590019200000,"defaultNode10After":1594252800000,"minVersion":"3.0.5","node8DeploysDisabledAfter":1613390400000,"node8RuntimeDisabledAfter":1615809600000,"node8WarnAfter":1600128000000}
[info] 
=== Project Setup
[info] 
[info] First, let's associate this project directory with a Firebase project.
[info] You can create multiple project aliases by running firebase use --add, 
[info] but for now we'll just set up a default project.
[info] 
[debug] [2022-09-13T13:31:03.853Z] > refreshing access token with scopes: []
[debug] [2022-09-13T13:31:03.855Z] >>> [apiv2][query] POST https://www.googleapis.com/oauth2/v3/token [none]
[debug] [2022-09-13T13:31:03.855Z] >>> [apiv2][body] POST https://www.googleapis.com/oauth2/v3/token [omitted]
[debug] [2022-09-13T13:31:04.114Z] <<< [apiv2][status] POST https://www.googleapis.com/oauth2/v3/token 200
[debug] [2022-09-13T13:31:04.114Z] <<< [apiv2][body] POST https://www.googleapis.com/oauth2/v3/token [omitted]
[debug] [2022-09-13T13:31:04.129Z] >>> [apiv2][query] GET https://firebase.googleapis.com/v1beta1/projects pageSize=100
[debug] [2022-09-13T13:31:05.170Z] <<< [apiv2][status] GET https://firebase.googleapis.com/v1beta1/projects 200
[debug] [2022-09-13T13:31:05.171Z] <<< [apiv2][body] GET https://firebase.googleapis.com/v1beta1/projects [omitted]
[info] i  Using project linkedin-clone-a5080 (linkedin-clone) 
[info] 
=== Hosting Setup
[info] 
[info] Your public directory is the folder (relative to your project directory) that
[info] will contain Hosting assets to be uploaded with firebase deploy. If you
[info] have a build process for your assets, use your build's output directory.
[info] 
[debug] [2022-09-13T13:34:28.201Z] >>> [apiv2][query] GET https://www.gstatic.com/firebasejs/releases.json [none]
[debug] [2022-09-13T13:34:28.453Z] <<< [apiv2][status] GET https://www.gstatic.com/firebasejs/releases.json 200
[debug] [2022-09-13T13:34:28.453Z] <<< [apiv2][body] GET https://www.gstatic.com/firebasejs/releases.json {"current":{"version":"9.9.4","browserURL":"https://www.gstatic.com/firebasejs/9.9.4/firebase.js","packageURL":"https://www.gstatic.com/firebasejs/9.9.4/firebase.tgz"},"live":{"version":"9.9","browserURL":"https://www.gstatic.com/firebasejs/live/9.9/firebase.js","packageURL":"https://www.gstatic.com/firebasejs/live/9.9/firebase.tgz"},"components":{"analytics":"https://www.gstatic.com/firebasejs/9.9.4/firebase-analytics.js","app":"https://www.gstatic.com/firebasejs/9.9.4/firebase-app.js","app-check":"https://www.gstatic.com/firebasejs/9.9.4/firebase-app-check.js","auth":"https://www.gstatic.com/firebasejs/9.9.4/firebase-auth.js","auth/cordova":"https://www.gstatic.com/firebasejs/9.9.4/firebase-auth/cordova.js","auth/react-native":"https://www.gstatic.com/firebasejs/9.9.4/firebase-auth/react-native.js","functions":"https://www.gstatic.com/firebasejs/9.9.4/firebase-functions.js","firestore":"https://www.gstatic.com/firebasejs/9.9.4/firebase-firestore.js","firestore/lite":"https://www.gstatic.com/firebasejs/9.9.4/firebase-firestore/lite.js","installations":"https://www.gstatic.com/firebasejs/9.9.4/firebase-installations.js","storage":"https://www.gstatic.com/firebasejs/9.9.4/firebase-storage.js","performance":"https://www.gstatic.com/firebasejs/9.9.4/firebase-performance.js","remote-config":"https://www.gstatic.com/firebasejs/9.9.4/firebase-remote-config.js","messaging":"https://www.gstatic.com/firebasejs/9.9.4/firebase-messaging.js","messaging/sw":"https://www.gstatic.com/firebasejs/9.9.4/firebase-messaging/sw.js","database":"https://www.gstatic.com/firebasejs/9.9.4/firebase-database.js","firestore.memory":"https://www.gstatic.com/firebasejs/9.9.4/firebase-firestore.memory.js"}}
[info] i  Skipping write of build/index.html 
[info] 
[info] i  Detected a .git folder at G:\LinkdeIn\linkdeln-clone 
[info] i  Authorizing with GitHub to upload your service account to a GitHub repository's secrets store. 
[info] 
[info] Visit this URL on this device to log in:
[info] https://github.com/login/oauth/authorize?client_id=89cf50f02ac6aaed3484&state=114697459&redirect_uri=http%3A%2F%2Flocalhost%3A9005&scope=read%3Auser%20repo%20public_repo
[info] 
[info] Waiting for authentication...
[debug] [2022-09-13T13:35:23.287Z] >>> [apiv2][query] POST https://github.com/login/oauth/access_token [none]
[debug] [2022-09-13T13:35:23.288Z] >>> [apiv2][body] POST https://github.com/login/oauth/access_token [stream]
[debug] [2022-09-13T13:35:24.009Z] <<< [apiv2][status] POST https://github.com/login/oauth/access_token 200
[debug] [2022-09-13T13:35:24.009Z] <<< [apiv2][body] POST https://github.com/login/oauth/access_token {"access_token":"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","token_type":"bearer","scope":"read:user,repo"}
[debug] [2022-09-13T13:35:24.026Z] >>> [apiv2][query] GET https://api.github.com/user [none]
[debug] [2022-09-13T13:35:24.799Z] <<< [apiv2][status] GET https://api.github.com/user 200
[debug] [2022-09-13T13:35:24.799Z] <<< [apiv2][body] GET https://api.github.com/user {"login":"Rohithegade02","id":60090023,"node_id":"MDQ6VXNlcjYwMDkwMDIz","avatar_url":"https://avatars.githubusercontent.com/u/60090023?v=4","gravatar_id":"","url":"https://api.github.com/users/Rohithegade02","html_url":"https://github.com/Rohithegade02","followers_url":"https://api.github.com/users/Rohithegade02/followers","following_url":"https://api.github.com/users/Rohithegade02/following{/other_user}","gists_url":"https://api.github.com/users/Rohithegade02/gists{/gist_id}","starred_url":"https://api.github.com/users/Rohithegade02/starred{/owner}{/repo}","subscriptions_url":"https://api.github.com/users/Rohithegade02/subscriptions","organizations_url":"https://api.github.com/users/Rohithegade02/orgs","repos_url":"https://api.github.com/users/Rohithegade02/repos","events_url":"https://api.github.com/users/Rohithegade02/events{/privacy}","received_events_url":"https://api.github.com/users/Rohithegade02/received_events","type":"User","site_admin":false,"name":null,"company":null,"blog":"","location":null,"email":null,"hireable":null,"bio":null,"twitter_username":null,"public_repos":7,"public_gists":0,"followers":0,"following":1,"created_at":"2020-01-20T07:49:05Z","updated_at":"2022-08-29T13:06:45Z","private_gists":0,"total_private_repos":5,"owned_private_repos":5,"disk_usage":3441,"collaborators":0,"two_factor_authentication":false,"plan":{"name":"free","space":976562499,"collaborators":0,"private_repos":10000}}
[info] 
[info] +  Success! Logged into GitHub as Rohithegade02 
[info] 
[debug] [2022-09-13T13:40:59.534Z] ----------------------------------------------------------------------
[debug] [2022-09-13T13:40:59.536Z] Command:       C:\Program Files\nodejs\node.exe C:\Users\HP-PC\AppData\Roaming\npm\node_modules\firebase-tools\lib\bin\firebase.js init
[debug] [2022-09-13T13:40:59.537Z] CLI Version:   11.8.0
[debug] [2022-09-13T13:40:59.537Z] Platform:      win32
[debug] [2022-09-13T13:40:59.537Z] Node Version:  v16.13.2
[debug] [2022-09-13T13:40:59.539Z] Time:          Tue Sep 13 2022 19:10:59 GMT+0530 (India Standard Time)
[debug] [2022-09-13T13:40:59.539Z] ----------------------------------------------------------------------
[debug] 
[debug] [2022-09-13T13:40:59.546Z] > command requires scopes: ["email","openid","https://www.googleapis.com/auth/cloudplatformprojects.readonly","https://www.googleapis.com/auth/firebase","https://www.googleapis.com/auth/cloud-platform"]
[debug] [2022-09-13T13:40:59.547Z] > authorizing via signed-in user (rohithegade8@gmail.com)
[info] 
     ######## #### ########  ######## ########     ###     ######  ########
     ##        ##  ##     ## ##       ##     ##  ##   ##  ##       ##
     ######    ##  ########  ######   ########  #########  ######  ######
     ##        ##  ##    ##  ##       ##     ## ##     ##       ## ##
     ##       #### ##     ## ######## ########  ##     ##  ######  ########

You're about to initialize a Firebase project in this directory:

  G:\LinkdeIn\linkdeln-clone

[info] 
=== Project Setup
[info] 
[info] First, let's associate this project directory with a Firebase project.
[info] You can create multiple project aliases by running firebase use --add, 
[info] but for now we'll just set up a default project.
[info] 
[debug] [2022-09-13T13:41:44.045Z] >>> [apiv2][query] GET https://firebase.googleapis.com/v1beta1/projects pageSize=100
[debug] [2022-09-13T13:41:45.034Z] <<< [apiv2][status] GET https://firebase.googleapis.com/v1beta1/projects 200
[debug] [2022-09-13T13:41:45.034Z] <<< [apiv2][body] GET https://firebase.googleapis.com/v1beta1/projects [omitted]
[info] i  Using project linkedin-clone-a5080 (linkedin-clone) 
[info] 
=== Hosting Setup
[info] 
[info] Your public directory is the folder (relative to your project directory) that
[info] will contain Hosting assets to be uploaded with firebase deploy. If you
[info] have a build process for your assets, use your build's output directory.
[info] 
[debug] [2022-09-13T13:41:58.544Z] >>> [apiv2][query] GET https://www.gstatic.com/firebasejs/releases.json [none]
[debug] [2022-09-13T13:41:58.701Z] <<< [apiv2][status] GET https://www.gstatic.com/firebasejs/releases.json 200
[debug] [2022-09-13T13:41:58.701Z] <<< [apiv2][body] GET https://www.gstatic.com/firebasejs/releases.json {"current":{"version":"9.9.4","browserURL":"https://www.gstatic.com/firebasejs/9.9.4/firebase.js","packageURL":"https://www.gstatic.com/firebasejs/9.9.4/firebase.tgz"},"live":{"version":"9.9","browserURL":"https://www.gstatic.com/firebasejs/live/9.9/firebase.js","packageURL":"https://www.gstatic.com/firebasejs/live/9.9/firebase.tgz"},"components":{"analytics":"https://www.gstatic.com/firebasejs/9.9.4/firebase-analytics.js","app":"https://www.gstatic.com/firebasejs/9.9.4/firebase-app.js","app-check":"https://www.gstatic.com/firebasejs/9.9.4/firebase-app-check.js","auth":"https://www.gstatic.com/firebasejs/9.9.4/firebase-auth.js","auth/cordova":"https://www.gstatic.com/firebasejs/9.9.4/firebase-auth/cordova.js","auth/react-native":"https://www.gstatic.com/firebasejs/9.9.4/firebase-auth/react-native.js","functions":"https://www.gstatic.com/firebasejs/9.9.4/firebase-functions.js","firestore":"https://www.gstatic.com/firebasejs/9.9.4/firebase-firestore.js","firestore/lite":"https://www.gstatic.com/firebasejs/9.9.4/firebase-firestore/lite.js","installations":"https://www.gstatic.com/firebasejs/9.9.4/firebase-installations.js","storage":"https://www.gstatic.com/firebasejs/9.9.4/firebase-storage.js","performance":"https://www.gstatic.com/firebasejs/9.9.4/firebase-performance.js","remote-config":"https://www.gstatic.com/firebasejs/9.9.4/firebase-remote-config.js","messaging":"https://www.gstatic.com/firebasejs/9.9.4/firebase-messaging.js","messaging/sw":"https://www.gstatic.com/firebasejs/9.9.4/firebase-messaging/sw.js","database":"https://www.gstatic.com/firebasejs/9.9.4/firebase-database.js","firestore.memory":"https://www.gstatic.com/firebasejs/9.9.4/firebase-firestore.memory.js"}}
[info] +  Wrote build/index.html 
[info] 
[info] i  Detected a .git folder at G:\LinkdeIn\linkdeln-clone 
[info] i  Authorizing with GitHub to upload your service account to a GitHub repository's secrets store. 
[info] 
[info] Visit this URL on this device to log in:
[info] https://github.com/login/oauth/authorize?client_id=89cf50f02ac6aaed3484&state=892716055&redirect_uri=http%3A%2F%2Flocalhost%3A9005&scope=read%3Auser%20repo%20public_repo
[info] 
[info] Waiting for authentication...
[debug] [2022-09-13T13:42:01.309Z] >>> [apiv2][query] POST https://github.com/login/oauth/access_token [none]
[debug] [2022-09-13T13:42:01.310Z] >>> [apiv2][body] POST https://github.com/login/oauth/access_token [stream]
[debug] [2022-09-13T13:42:01.854Z] <<< [apiv2][status] POST https://github.com/login/oauth/access_token 200
[debug] [2022-09-13T13:42:01.855Z] <<< [apiv2][body] POST https://github.com/login/oauth/access_token {"access_token":"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","token_type":"bearer","scope":"read:user,repo"}
[debug] [2022-09-13T13:42:01.866Z] >>> [apiv2][query] GET https://api.github.com/user [none]
[debug] [2022-09-13T13:42:02.740Z] <<< [apiv2][status] GET https://api.github.com/user 200
[debug] [2022-09-13T13:42:02.741Z] <<< [apiv2][body] GET https://api.github.com/user {"login":"Rohithegade02","id":60090023,"node_id":"MDQ6VXNlcjYwMDkwMDIz","avatar_url":"https://avatars.githubusercontent.com/u/60090023?v=4","gravatar_id":"","url":"https://api.github.com/users/Rohithegade02","html_url":"https://github.com/Rohithegade02","followers_url":"https://api.github.com/users/Rohithegade02/followers","following_url":"https://api.github.com/users/Rohithegade02/following{/other_user}","gists_url":"https://api.github.com/users/Rohithegade02/gists{/gist_id}","starred_url":"https://api.github.com/users/Rohithegade02/starred{/owner}{/repo}","subscriptions_url":"https://api.github.com/users/Rohithegade02/subscriptions","organizations_url":"https://api.github.com/users/Rohithegade02/orgs","repos_url":"https://api.github.com/users/Rohithegade02/repos","events_url":"https://api.github.com/users/Rohithegade02/events{/privacy}","received_events_url":"https://api.github.com/users/Rohithegade02/received_events","type":"User","site_admin":false,"name":null,"company":null,"blog":"","location":null,"email":null,"hireable":null,"bio":null,"twitter_username":null,"public_repos":7,"public_gists":0,"followers":0,"following":1,"created_at":"2020-01-20T07:49:05Z","updated_at":"2022-08-29T13:06:45Z","private_gists":0,"total_private_repos":5,"owned_private_repos":5,"disk_usage":3441,"collaborators":0,"two_factor_authentication":false,"plan":{"name":"free","space":976562499,"collaborators":0,"private_repos":10000}}
[info] 
[info] +  Success! Logged into GitHub as Rohithegade02 
[info] 
